0 info it worked if it ends with ok
1 verbose cli [ '/usr/bin/nodejs', '/usr/bin/npm', 'install' ]
2 info using npm@3.5.2
3 info using node@v4.2.6
4 silly loadCurrentTree Starting
5 silly install loadCurrentTree
6 silly install readLocalPackageData
7 silly install normalizeTree
8 silly loadCurrentTree Finishing
9 silly loadIdealTree Starting
10 silly install loadIdealTree
11 silly cloneCurrentTree Starting
12 silly install cloneCurrentTreeToIdealTree
13 silly cloneCurrentTree Finishing
14 silly loadShrinkwrap Starting
15 silly install loadShrinkwrap
16 silly loadShrinkwrap Finishing
17 silly loadAllDepsIntoIdealTree Starting
18 silly install loadAllDepsIntoIdealTree
19 silly fetchNamedPackageData express
20 silly mapToRegistry name express
21 silly mapToRegistry using default registry
22 silly mapToRegistry registry https://registry.npmjs.org/
23 silly mapToRegistry uri https://registry.npmjs.org/express
24 silly fetchNamedPackageData path
25 silly mapToRegistry name path
26 silly mapToRegistry using default registry
27 silly mapToRegistry registry https://registry.npmjs.org/
28 silly mapToRegistry uri https://registry.npmjs.org/path
29 silly fetchNamedPackageData http-server
30 silly mapToRegistry name http-server
31 silly mapToRegistry using default registry
32 silly mapToRegistry registry https://registry.npmjs.org/
33 silly mapToRegistry uri https://registry.npmjs.org/http-server
34 silly fetchNamedPackageData body-parser
35 silly mapToRegistry name body-parser
36 silly mapToRegistry using default registry
37 silly mapToRegistry registry https://registry.npmjs.org/
38 silly mapToRegistry uri https://registry.npmjs.org/body-parser
39 silly fetchNamedPackageData cookie-parser
40 silly mapToRegistry name cookie-parser
41 silly mapToRegistry using default registry
42 silly mapToRegistry registry https://registry.npmjs.org/
43 silly mapToRegistry uri https://registry.npmjs.org/cookie-parser
44 silly fetchNamedPackageData morgan
45 silly mapToRegistry name morgan
46 silly mapToRegistry using default registry
47 silly mapToRegistry registry https://registry.npmjs.org/
48 silly mapToRegistry uri https://registry.npmjs.org/morgan
49 silly fetchNamedPackageData serve-favicon
50 silly mapToRegistry name serve-favicon
51 silly mapToRegistry using default registry
52 silly mapToRegistry registry https://registry.npmjs.org/
53 silly mapToRegistry uri https://registry.npmjs.org/serve-favicon
54 silly fetchNamedPackageData debug
55 silly mapToRegistry name debug
56 silly mapToRegistry using default registry
57 silly mapToRegistry registry https://registry.npmjs.org/
58 silly mapToRegistry uri https://registry.npmjs.org/debug
59 silly fetchNamedPackageData jade
60 silly mapToRegistry name jade
61 silly mapToRegistry using default registry
62 silly mapToRegistry registry https://registry.npmjs.org/
63 silly mapToRegistry uri https://registry.npmjs.org/jade
64 silly fetchNamedPackageData multer
65 silly mapToRegistry name multer
66 silly mapToRegistry using default registry
67 silly mapToRegistry registry https://registry.npmjs.org/
68 silly mapToRegistry uri https://registry.npmjs.org/multer
69 silly fetchNamedPackageData node-yaml-config
70 silly mapToRegistry name node-yaml-config
71 silly mapToRegistry using default registry
72 silly mapToRegistry registry https://registry.npmjs.org/
73 silly mapToRegistry uri https://registry.npmjs.org/node-yaml-config
74 silly fetchNamedPackageData fs
75 silly mapToRegistry name fs
76 silly mapToRegistry using default registry
77 silly mapToRegistry registry https://registry.npmjs.org/
78 silly mapToRegistry uri https://registry.npmjs.org/fs
79 verbose request uri https://registry.npmjs.org/path
80 verbose request no auth needed
81 info attempt registry request try #1 at 2:45:17 PM
82 verbose request id da1c340f20f1c5c0
83 verbose etag W/"5821c2ee-162b"
84 verbose lastModified Tue, 08 Nov 2016 12:19:58 GMT
85 http request GET https://registry.npmjs.org/path
86 verbose request uri https://registry.npmjs.org/cookie-parser
87 verbose request no auth needed
88 info attempt registry request try #1 at 2:45:17 PM
89 verbose etag W/"5829da7b-6746"
90 verbose lastModified Mon, 14 Nov 2016 15:38:35 GMT
91 http request GET https://registry.npmjs.org/cookie-parser
92 verbose request uri https://registry.npmjs.org/morgan
93 verbose request no auth needed
94 info attempt registry request try #1 at 2:45:17 PM
95 verbose etag W/"582591f4-b6b7"
96 verbose lastModified Fri, 11 Nov 2016 09:40:04 GMT
97 http request GET https://registry.npmjs.org/morgan
98 verbose request uri https://registry.npmjs.org/body-parser
99 verbose request no auth needed
100 info attempt registry request try #1 at 2:45:17 PM
101 verbose etag W/"582798c2-1dc10"
102 verbose lastModified Sat, 12 Nov 2016 22:33:38 GMT
103 http request GET https://registry.npmjs.org/body-parser
104 verbose request uri https://registry.npmjs.org/serve-favicon
105 verbose request no auth needed
106 info attempt registry request try #1 at 2:45:17 PM
107 verbose etag W/"582591f3-60bc"
108 verbose lastModified Fri, 11 Nov 2016 09:40:03 GMT
109 http request GET https://registry.npmjs.org/serve-favicon
110 verbose request uri https://registry.npmjs.org/debug
111 verbose request no auth needed
112 info attempt registry request try #1 at 2:45:17 PM
113 verbose etag W/"582413ec-acd1"
114 verbose lastModified Thu, 10 Nov 2016 06:30:04 GMT
115 http request GET https://registry.npmjs.org/debug
116 verbose request uri https://registry.npmjs.org/multer
117 verbose request no auth needed
118 info attempt registry request try #1 at 2:45:17 PM
119 verbose etag W/"5821f11d-c368"
120 verbose lastModified Tue, 08 Nov 2016 15:37:01 GMT
121 http request GET https://registry.npmjs.org/multer
122 verbose request uri https://registry.npmjs.org/node-yaml-config
123 verbose request no auth needed
124 info attempt registry request try #1 at 2:45:17 PM
125 verbose etag W/"56c4d3f5-1e91"
126 verbose lastModified Wed, 17 Feb 2016 20:11:33 GMT
127 http request GET https://registry.npmjs.org/node-yaml-config
128 verbose request uri https://registry.npmjs.org/fs
129 verbose request no auth needed
130 info attempt registry request try #1 at 2:45:17 PM
131 verbose etag W/"57bc8e90-d4a"
132 verbose lastModified Tue, 23 Aug 2016 17:57:36 GMT
133 http request GET https://registry.npmjs.org/fs
134 verbose request uri https://registry.npmjs.org/jade
135 verbose request no auth needed
136 info attempt registry request try #1 at 2:45:17 PM
137 verbose etag W/"5825f7d1-27a84"
138 verbose lastModified Fri, 11 Nov 2016 16:54:41 GMT
139 http request GET https://registry.npmjs.org/jade
140 verbose request uri https://registry.npmjs.org/http-server
141 verbose request no auth needed
142 info attempt registry request try #1 at 2:45:17 PM
143 verbose etag W/"58279afa-ea12"
144 verbose lastModified Sat, 12 Nov 2016 22:43:06 GMT
145 http request GET https://registry.npmjs.org/http-server
146 verbose request uri https://registry.npmjs.org/express
147 verbose request no auth needed
148 info attempt registry request try #1 at 2:45:17 PM
149 verbose etag W/"5829174c-84fcc"
150 verbose lastModified Mon, 14 Nov 2016 01:45:48 GMT
151 http request GET https://registry.npmjs.org/express
152 http 304 https://registry.npmjs.org/morgan
153 verbose headers { date: 'Mon, 14 Nov 2016 19:45:17 GMT',
153 verbose headers   via: '1.1 varnish',
153 verbose headers   'cache-control': 'max-age=300',
153 verbose headers   etag: 'W/"582591f4-b6b7"',
153 verbose headers   age: '141',
153 verbose headers   connection: 'keep-alive',
153 verbose headers   'x-served-by': 'cache-bos8226-BOS',
153 verbose headers   'x-cache': 'HIT',
153 verbose headers   'x-cache-hits': '2',
153 verbose headers   'x-timer': 'S1479152717.956969,VS0,VE0',
153 verbose headers   vary: 'Accept-Encoding' }
154 silly get cb [ 304,
154 silly get   { date: 'Mon, 14 Nov 2016 19:45:17 GMT',
154 silly get     via: '1.1 varnish',
154 silly get     'cache-control': 'max-age=300',
154 silly get     etag: 'W/"582591f4-b6b7"',
154 silly get     age: '141',
154 silly get     connection: 'keep-alive',
154 silly get     'x-served-by': 'cache-bos8226-BOS',
154 silly get     'x-cache': 'HIT',
154 silly get     'x-cache-hits': '2',
154 silly get     'x-timer': 'S1479152717.956969,VS0,VE0',
154 silly get     vary: 'Accept-Encoding' } ]
155 verbose etag https://registry.npmjs.org/morgan from cache
156 verbose get saving morgan to /home/algotrader/.npm/registry.npmjs.org/morgan/.cache.json
157 http 304 https://registry.npmjs.org/cookie-parser
158 verbose headers { date: 'Mon, 14 Nov 2016 19:45:17 GMT',
158 verbose headers   via: '1.1 varnish',
158 verbose headers   'cache-control': 'max-age=300',
158 verbose headers   etag: 'W/"5829da7b-6746"',
158 verbose headers   age: '141',
158 verbose headers   connection: 'keep-alive',
158 verbose headers   'x-served-by': 'cache-bos8226-BOS',
158 verbose headers   'x-cache': 'HIT',
158 verbose headers   'x-cache-hits': '1',
158 verbose headers   'x-timer': 'S1479152717.956976,VS0,VE0',
158 verbose headers   vary: 'Accept-Encoding' }
159 silly get cb [ 304,
159 silly get   { date: 'Mon, 14 Nov 2016 19:45:17 GMT',
159 silly get     via: '1.1 varnish',
159 silly get     'cache-control': 'max-age=300',
159 silly get     etag: 'W/"5829da7b-6746"',
159 silly get     age: '141',
159 silly get     connection: 'keep-alive',
159 silly get     'x-served-by': 'cache-bos8226-BOS',
159 silly get     'x-cache': 'HIT',
159 silly get     'x-cache-hits': '1',
159 silly get     'x-timer': 'S1479152717.956976,VS0,VE0',
159 silly get     vary: 'Accept-Encoding' } ]
160 verbose etag https://registry.npmjs.org/cookie-parser from cache
161 verbose get saving cookie-parser to /home/algotrader/.npm/registry.npmjs.org/cookie-parser/.cache.json
162 http 304 https://registry.npmjs.org/path
163 verbose headers { date: 'Mon, 14 Nov 2016 19:45:17 GMT',
163 verbose headers   via: '1.1 varnish',
163 verbose headers   'cache-control': 'max-age=300',
163 verbose headers   etag: 'W/"5821c2ee-162b"',
163 verbose headers   age: '53',
163 verbose headers   connection: 'keep-alive',
163 verbose headers   'x-served-by': 'cache-bos8224-BOS',
163 verbose headers   'x-cache': 'HIT',
163 verbose headers   'x-cache-hits': '1',
163 verbose headers   'x-timer': 'S1479152717.961615,VS0,VE0',
163 verbose headers   vary: 'Accept-Encoding' }
164 silly get cb [ 304,
164 silly get   { date: 'Mon, 14 Nov 2016 19:45:17 GMT',
164 silly get     via: '1.1 varnish',
164 silly get     'cache-control': 'max-age=300',
164 silly get     etag: 'W/"5821c2ee-162b"',
164 silly get     age: '53',
164 silly get     connection: 'keep-alive',
164 silly get     'x-served-by': 'cache-bos8224-BOS',
164 silly get     'x-cache': 'HIT',
164 silly get     'x-cache-hits': '1',
164 silly get     'x-timer': 'S1479152717.961615,VS0,VE0',
164 silly get     vary: 'Accept-Encoding' } ]
165 verbose etag https://registry.npmjs.org/path from cache
166 verbose get saving path to /home/algotrader/.npm/registry.npmjs.org/path/.cache.json
167 http 304 https://registry.npmjs.org/body-parser
168 verbose headers { date: 'Mon, 14 Nov 2016 19:45:17 GMT',
168 verbose headers   via: '1.1 varnish',
168 verbose headers   'cache-control': 'max-age=300',
168 verbose headers   etag: 'W/"582798c2-1dc10"',
168 verbose headers   age: '61',
168 verbose headers   connection: 'keep-alive',
168 verbose headers   'x-served-by': 'cache-bos8228-BOS',
168 verbose headers   'x-cache': 'HIT',
168 verbose headers   'x-cache-hits': '2',
168 verbose headers   'x-timer': 'S1479152717.963466,VS0,VE0',
168 verbose headers   vary: 'Accept-Encoding' }
169 silly get cb [ 304,
169 silly get   { date: 'Mon, 14 Nov 2016 19:45:17 GMT',
169 silly get     via: '1.1 varnish',
169 silly get     'cache-control': 'max-age=300',
169 silly get     etag: 'W/"582798c2-1dc10"',
169 silly get     age: '61',
169 silly get     connection: 'keep-alive',
169 silly get     'x-served-by': 'cache-bos8228-BOS',
169 silly get     'x-cache': 'HIT',
169 silly get     'x-cache-hits': '2',
169 silly get     'x-timer': 'S1479152717.963466,VS0,VE0',
169 silly get     vary: 'Accept-Encoding' } ]
170 verbose etag https://registry.npmjs.org/body-parser from cache
171 verbose get saving body-parser to /home/algotrader/.npm/registry.npmjs.org/body-parser/.cache.json
172 http 304 https://registry.npmjs.org/debug
173 verbose headers { date: 'Mon, 14 Nov 2016 19:45:17 GMT',
173 verbose headers   via: '1.1 varnish',
173 verbose headers   'cache-control': 'max-age=300',
173 verbose headers   etag: 'W/"582413ec-acd1"',
173 verbose headers   age: '172',
173 verbose headers   connection: 'keep-alive',
173 verbose headers   'x-served-by': 'cache-bos8228-BOS',
173 verbose headers   'x-cache': 'HIT',
173 verbose headers   'x-cache-hits': '4',
173 verbose headers   'x-timer': 'S1479152717.963476,VS0,VE0',
173 verbose headers   vary: 'Accept-Encoding' }
174 silly get cb [ 304,
174 silly get   { date: 'Mon, 14 Nov 2016 19:45:17 GMT',
174 silly get     via: '1.1 varnish',
174 silly get     'cache-control': 'max-age=300',
174 silly get     etag: 'W/"582413ec-acd1"',
174 silly get     age: '172',
174 silly get     connection: 'keep-alive',
174 silly get     'x-served-by': 'cache-bos8228-BOS',
174 silly get     'x-cache': 'HIT',
174 silly get     'x-cache-hits': '4',
174 silly get     'x-timer': 'S1479152717.963476,VS0,VE0',
174 silly get     vary: 'Accept-Encoding' } ]
175 verbose etag https://registry.npmjs.org/debug from cache
176 verbose get saving debug to /home/algotrader/.npm/registry.npmjs.org/debug/.cache.json
177 http 304 https://registry.npmjs.org/serve-favicon
178 verbose headers { date: 'Mon, 14 Nov 2016 19:45:17 GMT',
178 verbose headers   via: '1.1 varnish',
178 verbose headers   'cache-control': 'max-age=300',
178 verbose headers   etag: 'W/"582591f3-60bc"',
178 verbose headers   age: '53',
178 verbose headers   connection: 'keep-alive',
178 verbose headers   'x-served-by': 'cache-bos8230-BOS',
178 verbose headers   'x-cache': 'HIT',
178 verbose headers   'x-cache-hits': '1',
178 verbose headers   'x-timer': 'S1479152717.963236,VS0,VE0',
178 verbose headers   vary: 'Accept-Encoding' }
179 silly get cb [ 304,
179 silly get   { date: 'Mon, 14 Nov 2016 19:45:17 GMT',
179 silly get     via: '1.1 varnish',
179 silly get     'cache-control': 'max-age=300',
179 silly get     etag: 'W/"582591f3-60bc"',
179 silly get     age: '53',
179 silly get     connection: 'keep-alive',
179 silly get     'x-served-by': 'cache-bos8230-BOS',
179 silly get     'x-cache': 'HIT',
179 silly get     'x-cache-hits': '1',
179 silly get     'x-timer': 'S1479152717.963236,VS0,VE0',
179 silly get     vary: 'Accept-Encoding' } ]
180 verbose etag https://registry.npmjs.org/serve-favicon from cache
181 verbose get saving serve-favicon to /home/algotrader/.npm/registry.npmjs.org/serve-favicon/.cache.json
182 http 304 https://registry.npmjs.org/multer
183 verbose headers { date: 'Mon, 14 Nov 2016 19:45:17 GMT',
183 verbose headers   via: '1.1 varnish',
183 verbose headers   'cache-control': 'max-age=300',
183 verbose headers   etag: 'W/"5821f11d-c368"',
183 verbose headers   age: '53',
183 verbose headers   connection: 'keep-alive',
183 verbose headers   'x-served-by': 'cache-bos8235-BOS',
183 verbose headers   'x-cache': 'HIT',
183 verbose headers   'x-cache-hits': '1',
183 verbose headers   'x-timer': 'S1479152717.999630,VS0,VE0',
183 verbose headers   vary: 'Accept-Encoding' }
184 silly get cb [ 304,
184 silly get   { date: 'Mon, 14 Nov 2016 19:45:17 GMT',
184 silly get     via: '1.1 varnish',
184 silly get     'cache-control': 'max-age=300',
184 silly get     etag: 'W/"5821f11d-c368"',
184 silly get     age: '53',
184 silly get     connection: 'keep-alive',
184 silly get     'x-served-by': 'cache-bos8235-BOS',
184 silly get     'x-cache': 'HIT',
184 silly get     'x-cache-hits': '1',
184 silly get     'x-timer': 'S1479152717.999630,VS0,VE0',
184 silly get     vary: 'Accept-Encoding' } ]
185 verbose etag https://registry.npmjs.org/multer from cache
186 verbose get saving multer to /home/algotrader/.npm/registry.npmjs.org/multer/.cache.json
187 http 304 https://registry.npmjs.org/node-yaml-config
188 verbose headers { date: 'Mon, 14 Nov 2016 19:45:18 GMT',
188 verbose headers   via: '1.1 varnish',
188 verbose headers   'cache-control': 'max-age=300',
188 verbose headers   etag: 'W/"56c4d3f5-1e91"',
188 verbose headers   age: '53',
188 verbose headers   connection: 'keep-alive',
188 verbose headers   'x-served-by': 'cache-bos8235-BOS',
188 verbose headers   'x-cache': 'HIT',
188 verbose headers   'x-cache-hits': '3',
188 verbose headers   'x-timer': 'S1479152718.001483,VS0,VE0',
188 verbose headers   vary: 'Accept-Encoding' }
189 silly get cb [ 304,
189 silly get   { date: 'Mon, 14 Nov 2016 19:45:18 GMT',
189 silly get     via: '1.1 varnish',
189 silly get     'cache-control': 'max-age=300',
189 silly get     etag: 'W/"56c4d3f5-1e91"',
189 silly get     age: '53',
189 silly get     connection: 'keep-alive',
189 silly get     'x-served-by': 'cache-bos8235-BOS',
189 silly get     'x-cache': 'HIT',
189 silly get     'x-cache-hits': '3',
189 silly get     'x-timer': 'S1479152718.001483,VS0,VE0',
189 silly get     vary: 'Accept-Encoding' } ]
190 verbose etag https://registry.npmjs.org/node-yaml-config from cache
191 verbose get saving node-yaml-config to /home/algotrader/.npm/registry.npmjs.org/node-yaml-config/.cache.json
192 silly resolveWithNewModule morgan@1.7.0 checking installable status
193 silly cache add args [ 'morgan@1.x', null ]
194 verbose cache add spec morgan@1.x
195 silly cache add parsed spec Result {
195 silly cache add   raw: 'morgan@1.x',
195 silly cache add   scope: null,
195 silly cache add   name: 'morgan',
195 silly cache add   rawSpec: '1.x',
195 silly cache add   spec: '>=1.0.0 <2.0.0',
195 silly cache add   type: 'range' }
196 silly addNamed morgan@>=1.0.0 <2.0.0
197 verbose addNamed ">=1.0.0 <2.0.0" is a valid semver range for morgan
198 silly addNameRange { name: 'morgan', range: '>=1.0.0 <2.0.0', hasData: false }
199 silly mapToRegistry name morgan
200 silly mapToRegistry using default registry
201 silly mapToRegistry registry https://registry.npmjs.org/
202 silly mapToRegistry uri https://registry.npmjs.org/morgan
203 verbose addNameRange registry:https://registry.npmjs.org/morgan not in flight; fetching
204 silly resolveWithNewModule cookie-parser@1.4.3 checking installable status
205 silly cache add args [ 'cookie-parser@1.x', null ]
206 verbose cache add spec cookie-parser@1.x
207 silly cache add parsed spec Result {
207 silly cache add   raw: 'cookie-parser@1.x',
207 silly cache add   scope: null,
207 silly cache add   name: 'cookie-parser',
207 silly cache add   rawSpec: '1.x',
207 silly cache add   spec: '>=1.0.0 <2.0.0',
207 silly cache add   type: 'range' }
208 silly addNamed cookie-parser@>=1.0.0 <2.0.0
209 verbose addNamed ">=1.0.0 <2.0.0" is a valid semver range for cookie-parser
210 silly addNameRange { name: 'cookie-parser',
210 silly addNameRange   range: '>=1.0.0 <2.0.0',
210 silly addNameRange   hasData: false }
211 silly mapToRegistry name cookie-parser
212 silly mapToRegistry using default registry
213 silly mapToRegistry registry https://registry.npmjs.org/
214 silly mapToRegistry uri https://registry.npmjs.org/cookie-parser
215 verbose addNameRange registry:https://registry.npmjs.org/cookie-parser not in flight; fetching
216 silly resolveWithNewModule path@0.12.7 checking installable status
217 silly cache add args [ 'path@0.x', null ]
218 verbose cache add spec path@0.x
219 silly cache add parsed spec Result {
219 silly cache add   raw: 'path@0.x',
219 silly cache add   scope: null,
219 silly cache add   name: 'path',
219 silly cache add   rawSpec: '0.x',
219 silly cache add   spec: '>=0.0.0 <1.0.0',
219 silly cache add   type: 'range' }
220 silly addNamed path@>=0.0.0 <1.0.0
221 verbose addNamed ">=0.0.0 <1.0.0" is a valid semver range for path
222 silly addNameRange { name: 'path', range: '>=0.0.0 <1.0.0', hasData: false }
223 silly mapToRegistry name path
224 silly mapToRegistry using default registry
225 silly mapToRegistry registry https://registry.npmjs.org/
226 silly mapToRegistry uri https://registry.npmjs.org/path
227 verbose addNameRange registry:https://registry.npmjs.org/path not in flight; fetching
228 silly resolveWithNewModule body-parser@1.15.2 checking installable status
229 silly cache add args [ 'body-parser@1.x', null ]
230 verbose cache add spec body-parser@1.x
231 silly cache add parsed spec Result {
231 silly cache add   raw: 'body-parser@1.x',
231 silly cache add   scope: null,
231 silly cache add   name: 'body-parser',
231 silly cache add   rawSpec: '1.x',
231 silly cache add   spec: '>=1.0.0 <2.0.0',
231 silly cache add   type: 'range' }
232 silly addNamed body-parser@>=1.0.0 <2.0.0
233 verbose addNamed ">=1.0.0 <2.0.0" is a valid semver range for body-parser
234 silly addNameRange { name: 'body-parser', range: '>=1.0.0 <2.0.0', hasData: false }
235 silly mapToRegistry name body-parser
236 silly mapToRegistry using default registry
237 silly mapToRegistry registry https://registry.npmjs.org/
238 silly mapToRegistry uri https://registry.npmjs.org/body-parser
239 verbose addNameRange registry:https://registry.npmjs.org/body-parser not in flight; fetching
240 silly resolveWithNewModule debug@2.3.2 checking installable status
241 silly cache add args [ 'debug@2.x', null ]
242 verbose cache add spec debug@2.x
243 silly cache add parsed spec Result {
243 silly cache add   raw: 'debug@2.x',
243 silly cache add   scope: null,
243 silly cache add   name: 'debug',
243 silly cache add   rawSpec: '2.x',
243 silly cache add   spec: '>=2.0.0 <3.0.0',
243 silly cache add   type: 'range' }
244 silly addNamed debug@>=2.0.0 <3.0.0
245 verbose addNamed ">=2.0.0 <3.0.0" is a valid semver range for debug
246 silly addNameRange { name: 'debug', range: '>=2.0.0 <3.0.0', hasData: false }
247 silly mapToRegistry name debug
248 silly mapToRegistry using default registry
249 silly mapToRegistry registry https://registry.npmjs.org/
250 silly mapToRegistry uri https://registry.npmjs.org/debug
251 verbose addNameRange registry:https://registry.npmjs.org/debug not in flight; fetching
252 silly resolveWithNewModule serve-favicon@2.3.0 checking installable status
253 silly cache add args [ 'serve-favicon@2.x', null ]
254 verbose cache add spec serve-favicon@2.x
255 silly cache add parsed spec Result {
255 silly cache add   raw: 'serve-favicon@2.x',
255 silly cache add   scope: null,
255 silly cache add   name: 'serve-favicon',
255 silly cache add   rawSpec: '2.x',
255 silly cache add   spec: '>=2.0.0 <3.0.0',
255 silly cache add   type: 'range' }
256 silly addNamed serve-favicon@>=2.0.0 <3.0.0
257 verbose addNamed ">=2.0.0 <3.0.0" is a valid semver range for serve-favicon
258 silly addNameRange { name: 'serve-favicon',
258 silly addNameRange   range: '>=2.0.0 <3.0.0',
258 silly addNameRange   hasData: false }
259 silly mapToRegistry name serve-favicon
260 silly mapToRegistry using default registry
261 silly mapToRegistry registry https://registry.npmjs.org/
262 silly mapToRegistry uri https://registry.npmjs.org/serve-favicon
263 verbose addNameRange registry:https://registry.npmjs.org/serve-favicon not in flight; fetching
264 silly resolveWithNewModule multer@0.1.8 checking installable status
265 silly cache add args [ 'multer@0.x', null ]
266 verbose cache add spec multer@0.x
267 silly cache add parsed spec Result {
267 silly cache add   raw: 'multer@0.x',
267 silly cache add   scope: null,
267 silly cache add   name: 'multer',
267 silly cache add   rawSpec: '0.x',
267 silly cache add   spec: '>=0.0.0 <1.0.0',
267 silly cache add   type: 'range' }
268 silly addNamed multer@>=0.0.0 <1.0.0
269 verbose addNamed ">=0.0.0 <1.0.0" is a valid semver range for multer
270 silly addNameRange { name: 'multer', range: '>=0.0.0 <1.0.0', hasData: false }
271 silly mapToRegistry name multer
272 silly mapToRegistry using default registry
273 silly mapToRegistry registry https://registry.npmjs.org/
274 silly mapToRegistry uri https://registry.npmjs.org/multer
275 verbose addNameRange registry:https://registry.npmjs.org/multer not in flight; fetching
276 silly resolveWithNewModule node-yaml-config@0.0.4 checking installable status
277 silly cache add args [ 'node-yaml-config@0.x', null ]
278 verbose cache add spec node-yaml-config@0.x
279 silly cache add parsed spec Result {
279 silly cache add   raw: 'node-yaml-config@0.x',
279 silly cache add   scope: null,
279 silly cache add   name: 'node-yaml-config',
279 silly cache add   rawSpec: '0.x',
279 silly cache add   spec: '>=0.0.0 <1.0.0',
279 silly cache add   type: 'range' }
280 silly addNamed node-yaml-config@>=0.0.0 <1.0.0
281 verbose addNamed ">=0.0.0 <1.0.0" is a valid semver range for node-yaml-config
282 silly addNameRange { name: 'node-yaml-config',
282 silly addNameRange   range: '>=0.0.0 <1.0.0',
282 silly addNameRange   hasData: false }
283 silly mapToRegistry name node-yaml-config
284 silly mapToRegistry using default registry
285 silly mapToRegistry registry https://registry.npmjs.org/
286 silly mapToRegistry uri https://registry.npmjs.org/node-yaml-config
287 verbose addNameRange registry:https://registry.npmjs.org/node-yaml-config not in flight; fetching
288 verbose get https://registry.npmjs.org/cookie-parser not expired, no request
289 silly addNameRange number 2 { name: 'cookie-parser', range: '>=1.0.0 <2.0.0', hasData: true }
290 silly addNameRange versions [ 'cookie-parser',
290 silly addNameRange   [ '1.0.0',
290 silly addNameRange     '1.0.1',
290 silly addNameRange     '1.1.0',
290 silly addNameRange     '1.2.0',
290 silly addNameRange     '1.3.0',
290 silly addNameRange     '1.3.1',
290 silly addNameRange     '1.3.2',
290 silly addNameRange     '1.3.3',
290 silly addNameRange     '1.3.4',
290 silly addNameRange     '1.3.5',
290 silly addNameRange     '1.4.0',
290 silly addNameRange     '1.4.1',
290 silly addNameRange     '1.4.2',
290 silly addNameRange     '1.4.3' ] ]
291 silly addNamed cookie-parser@1.4.3
292 verbose addNamed "1.4.3" is a plain semver version for cookie-parser
293 verbose get https://registry.npmjs.org/path not expired, no request
294 silly addNameRange number 2 { name: 'path', range: '>=0.0.0 <1.0.0', hasData: true }
295 silly addNameRange versions [ 'path', [ '0.4.9', '0.4.10', '0.11.14', '0.12.7' ] ]
296 silly addNamed path@0.12.7
297 verbose addNamed "0.12.7" is a plain semver version for path
298 verbose get https://registry.npmjs.org/serve-favicon not expired, no request
299 silly addNameRange number 2 { name: 'serve-favicon', range: '>=2.0.0 <3.0.0', hasData: true }
300 silly addNameRange versions [ 'serve-favicon',
300 silly addNameRange   [ '2.0.0',
300 silly addNameRange     '2.0.1',
300 silly addNameRange     '2.1.0',
300 silly addNameRange     '2.1.1',
300 silly addNameRange     '2.1.2',
300 silly addNameRange     '2.1.3',
300 silly addNameRange     '2.1.4',
300 silly addNameRange     '2.1.5',
300 silly addNameRange     '2.1.6',
300 silly addNameRange     '2.1.7',
300 silly addNameRange     '2.2.0',
300 silly addNameRange     '2.2.1',
300 silly addNameRange     '2.3.0' ] ]
301 silly addNamed serve-favicon@2.3.0
302 verbose addNamed "2.3.0" is a plain semver version for serve-favicon
303 verbose get https://registry.npmjs.org/debug not expired, no request
304 silly addNameRange number 2 { name: 'debug', range: '>=2.0.0 <3.0.0', hasData: true }
305 silly addNameRange versions [ 'debug',
305 silly addNameRange   [ '0.0.1',
305 silly addNameRange     '0.1.0',
305 silly addNameRange     '0.2.0',
305 silly addNameRange     '0.3.0',
305 silly addNameRange     '0.4.0',
305 silly addNameRange     '0.4.1',
305 silly addNameRange     '0.5.0',
305 silly addNameRange     '0.6.0',
305 silly addNameRange     '0.7.0',
305 silly addNameRange     '0.7.1',
305 silly addNameRange     '0.7.2',
305 silly addNameRange     '0.7.3',
305 silly addNameRange     '0.7.4',
305 silly addNameRange     '0.8.0',
305 silly addNameRange     '0.8.1',
305 silly addNameRange     '1.0.0',
305 silly addNameRange     '1.0.1',
305 silly addNameRange     '1.0.2',
305 silly addNameRange     '1.0.3',
305 silly addNameRange     '1.0.4',
305 silly addNameRange     '2.0.0',
305 silly addNameRange     '2.1.0',
305 silly addNameRange     '2.1.1',
305 silly addNameRange     '2.1.2',
305 silly addNameRange     '2.1.3',
305 silly addNameRange     '2.2.0',
305 silly addNameRange     '2.3.0',
305 silly addNameRange     '2.3.1',
305 silly addNameRange     '2.3.2' ] ]
306 silly addNamed debug@2.3.2
307 verbose addNamed "2.3.2" is a plain semver version for debug
308 verbose get https://registry.npmjs.org/morgan not expired, no request
309 silly addNameRange number 2 { name: 'morgan', range: '>=1.0.0 <2.0.0', hasData: true }
310 silly addNameRange versions [ 'morgan',
310 silly addNameRange   [ '1.0.0',
310 silly addNameRange     '1.0.1',
310 silly addNameRange     '1.1.0',
310 silly addNameRange     '1.1.1',
310 silly addNameRange     '1.2.0',
310 silly addNameRange     '1.2.1',
310 silly addNameRange     '1.2.2',
310 silly addNameRange     '1.2.3',
310 silly addNameRange     '1.3.0',
310 silly addNameRange     '1.3.1',
310 silly addNameRange     '1.3.2',
310 silly addNameRange     '1.4.0',
310 silly addNameRange     '1.4.1',
310 silly addNameRange     '1.5.0',
310 silly addNameRange     '1.5.1',
310 silly addNameRange     '1.5.2',
310 silly addNameRange     '1.5.3',
310 silly addNameRange     '1.6.0',
310 silly addNameRange     '1.6.1',
310 silly addNameRange     '1.7.0' ] ]
311 silly addNamed morgan@1.7.0
312 verbose addNamed "1.7.0" is a plain semver version for morgan
313 verbose get https://registry.npmjs.org/node-yaml-config not expired, no request
314 silly addNameRange number 2 { name: 'node-yaml-config',
314 silly addNameRange   range: '>=0.0.0 <1.0.0',
314 silly addNameRange   hasData: true }
315 silly addNameRange versions [ 'node-yaml-config', [ '0.0.1', '0.0.2', '0.0.3', '0.0.4' ] ]
316 silly addNamed node-yaml-config@0.0.4
317 verbose addNamed "0.0.4" is a plain semver version for node-yaml-config
318 verbose get https://registry.npmjs.org/body-parser not expired, no request
319 silly addNameRange number 2 { name: 'body-parser', range: '>=1.0.0 <2.0.0', hasData: true }
320 silly addNameRange versions [ 'body-parser',
320 silly addNameRange   [ '1.0.0',
320 silly addNameRange     '1.0.1',
320 silly addNameRange     '1.0.2',
320 silly addNameRange     '1.1.0',
320 silly addNameRange     '1.1.1',
320 silly addNameRange     '1.1.2',
320 silly addNameRange     '1.2.0',
320 silly addNameRange     '1.2.1',
320 silly addNameRange     '1.2.2',
320 silly addNameRange     '1.3.0',
320 silly addNameRange     '1.3.1',
320 silly addNameRange     '1.4.0',
320 silly addNameRange     '1.4.1',
320 silly addNameRange     '1.4.2',
320 silly addNameRange     '1.4.3',
320 silly addNameRange     '1.5.0',
320 silly addNameRange     '1.5.1',
320 silly addNameRange     '1.5.2',
320 silly addNameRange     '1.6.0',
320 silly addNameRange     '1.6.1',
320 silly addNameRange     '1.6.2',
320 silly addNameRange     '1.6.3',
320 silly addNameRange     '1.6.4',
320 silly addNameRange     '1.6.5',
320 silly addNameRange     '1.6.6',
320 silly addNameRange     '1.6.7',
320 silly addNameRange     '1.7.0',
320 silly addNameRange     '1.8.0',
320 silly addNameRange     '1.8.1',
320 silly addNameRange     '1.8.2',
320 silly addNameRange     '1.8.3',
320 silly addNameRange     '1.8.4',
320 silly addNameRange     '1.9.0',
320 silly addNameRange     '1.9.1',
320 silly addNameRange     '1.9.2',
320 silly addNameRange     '1.9.3',
320 silly addNameRange     '1.10.0',
320 silly addNameRange     '1.10.1',
320 silly addNameRange     '1.10.2',
320 silly addNameRange     '1.11.0',
320 silly addNameRange     '1.12.0',
320 silly addNameRange     '1.12.1',
320 silly addNameRange     '1.12.2',
320 silly addNameRange     '1.12.3',
320 silly addNameRange     '1.12.4',
320 silly addNameRange     '1.13.0',
320 silly addNameRange     '1.13.1',
320 silly addNameRange     '1.13.2',
320 silly addNameRange     '1.13.3',
320 silly addNameRange     '1.14.0',
320 silly addNameRange     '1.14.1',
320 silly addNameRange     '1.14.2',
320 silly addNameRange     '1.15.0',
320 silly addNameRange     '1.15.1',
320 silly addNameRange     '1.15.2' ] ]
321 silly addNamed body-parser@1.15.2
322 verbose addNamed "1.15.2" is a plain semver version for body-parser
323 verbose get https://registry.npmjs.org/multer not expired, no request
324 silly addNameRange number 2 { name: 'multer', range: '>=0.0.0 <1.0.0', hasData: true }
325 silly addNameRange versions [ 'multer',
325 silly addNameRange   [ '0.0.1',
325 silly addNameRange     '0.0.2',
325 silly addNameRange     '0.0.3',
325 silly addNameRange     '0.0.4',
325 silly addNameRange     '0.0.5',
325 silly addNameRange     '0.0.6',
325 silly addNameRange     '0.0.7',
325 silly addNameRange     '0.1.0',
325 silly addNameRange     '0.1.1',
325 silly addNameRange     '0.1.2',
325 silly addNameRange     '0.1.3',
325 silly addNameRange     '0.1.4',
325 silly addNameRange     '0.1.6',
325 silly addNameRange     '0.1.7',
325 silly addNameRange     '0.1.8',
325 silly addNameRange     '1.0.0',
325 silly addNameRange     '1.0.1',
325 silly addNameRange     '1.0.2',
325 silly addNameRange     '1.0.3',
325 silly addNameRange     '1.0.4',
325 silly addNameRange     '1.0.5',
325 silly addNameRange     '1.0.6',
325 silly addNameRange     '1.1.0',
325 silly addNameRange     '1.2.0',
325 silly addNameRange     '2.0.0-alpha.1',
325 silly addNameRange     '2.0.0-alpha.2' ] ]
326 silly addNamed multer@0.1.8
327 verbose addNamed "0.1.8" is a plain semver version for multer
328 silly cache afterAdd cookie-parser@1.4.3
329 verbose afterAdd /home/algotrader/.npm/cookie-parser/1.4.3/package/package.json not in flight; writing
330 silly cache afterAdd path@0.12.7
331 verbose afterAdd /home/algotrader/.npm/path/0.12.7/package/package.json not in flight; writing
332 silly cache afterAdd serve-favicon@2.3.0
333 verbose afterAdd /home/algotrader/.npm/serve-favicon/2.3.0/package/package.json not in flight; writing
334 silly cache afterAdd debug@2.3.2
335 verbose afterAdd /home/algotrader/.npm/debug/2.3.2/package/package.json not in flight; writing
336 silly cache afterAdd morgan@1.7.0
337 verbose afterAdd /home/algotrader/.npm/morgan/1.7.0/package/package.json not in flight; writing
338 silly cache afterAdd node-yaml-config@0.0.4
339 verbose afterAdd /home/algotrader/.npm/node-yaml-config/0.0.4/package/package.json not in flight; writing
340 silly cache afterAdd body-parser@1.15.2
341 verbose afterAdd /home/algotrader/.npm/body-parser/1.15.2/package/package.json not in flight; writing
342 silly cache afterAdd multer@0.1.8
343 verbose afterAdd /home/algotrader/.npm/multer/0.1.8/package/package.json not in flight; writing
344 http 304 https://registry.npmjs.org/express
345 verbose headers { date: 'Mon, 14 Nov 2016 19:45:23 GMT',
345 verbose headers   via: '1.1 varnish',
345 verbose headers   'cache-control': 'max-age=300',
345 verbose headers   etag: 'W/"5829174c-84fcc"',
345 verbose headers   age: '58',
345 verbose headers   connection: 'keep-alive',
345 verbose headers   'x-served-by': 'cache-bos8234-BOS',
345 verbose headers   'x-cache': 'HIT',
345 verbose headers   'x-cache-hits': '1',
345 verbose headers   'x-timer': 'S1479152723.187311,VS0,VE0',
345 verbose headers   vary: 'Accept-Encoding' }
346 silly get cb [ 304,
346 silly get   { date: 'Mon, 14 Nov 2016 19:45:23 GMT',
346 silly get     via: '1.1 varnish',
346 silly get     'cache-control': 'max-age=300',
346 silly get     etag: 'W/"5829174c-84fcc"',
346 silly get     age: '58',
346 silly get     connection: 'keep-alive',
346 silly get     'x-served-by': 'cache-bos8234-BOS',
346 silly get     'x-cache': 'HIT',
346 silly get     'x-cache-hits': '1',
346 silly get     'x-timer': 'S1479152723.187311,VS0,VE0',
346 silly get     vary: 'Accept-Encoding' } ]
347 verbose etag https://registry.npmjs.org/express from cache
348 verbose get saving express to /home/algotrader/.npm/registry.npmjs.org/express/.cache.json
349 http 304 https://registry.npmjs.org/jade
350 verbose headers { date: 'Mon, 14 Nov 2016 19:45:23 GMT',
350 verbose headers   via: '1.1 varnish',
350 verbose headers   'cache-control': 'max-age=300',
350 verbose headers   etag: 'W/"5825f7d1-27a84"',
350 verbose headers   age: '58',
350 verbose headers   connection: 'keep-alive',
350 verbose headers   'x-served-by': 'cache-bos8226-BOS',
350 verbose headers   'x-cache': 'HIT',
350 verbose headers   'x-cache-hits': '1',
350 verbose headers   'x-timer': 'S1479152723.191634,VS0,VE0',
350 verbose headers   vary: 'Accept-Encoding' }
351 silly get cb [ 304,
351 silly get   { date: 'Mon, 14 Nov 2016 19:45:23 GMT',
351 silly get     via: '1.1 varnish',
351 silly get     'cache-control': 'max-age=300',
351 silly get     etag: 'W/"5825f7d1-27a84"',
351 silly get     age: '58',
351 silly get     connection: 'keep-alive',
351 silly get     'x-served-by': 'cache-bos8226-BOS',
351 silly get     'x-cache': 'HIT',
351 silly get     'x-cache-hits': '1',
351 silly get     'x-timer': 'S1479152723.191634,VS0,VE0',
351 silly get     vary: 'Accept-Encoding' } ]
352 verbose etag https://registry.npmjs.org/jade from cache
353 verbose get saving jade to /home/algotrader/.npm/registry.npmjs.org/jade/.cache.json
354 http 304 https://registry.npmjs.org/http-server
355 verbose headers { date: 'Mon, 14 Nov 2016 19:45:23 GMT',
355 verbose headers   via: '1.1 varnish',
355 verbose headers   'cache-control': 'max-age=300',
355 verbose headers   etag: 'W/"58279afa-ea12"',
355 verbose headers   age: '110',
355 verbose headers   connection: 'keep-alive',
355 verbose headers   'x-served-by': 'cache-bos8234-BOS',
355 verbose headers   'x-cache': 'HIT',
355 verbose headers   'x-cache-hits': '1',
355 verbose headers   'x-timer': 'S1479152723.191411,VS0,VE0',
355 verbose headers   vary: 'Accept-Encoding' }
356 silly get cb [ 304,
356 silly get   { date: 'Mon, 14 Nov 2016 19:45:23 GMT',
356 silly get     via: '1.1 varnish',
356 silly get     'cache-control': 'max-age=300',
356 silly get     etag: 'W/"58279afa-ea12"',
356 silly get     age: '110',
356 silly get     connection: 'keep-alive',
356 silly get     'x-served-by': 'cache-bos8234-BOS',
356 silly get     'x-cache': 'HIT',
356 silly get     'x-cache-hits': '1',
356 silly get     'x-timer': 'S1479152723.191411,VS0,VE0',
356 silly get     vary: 'Accept-Encoding' } ]
357 verbose etag https://registry.npmjs.org/http-server from cache
358 verbose get saving http-server to /home/algotrader/.npm/registry.npmjs.org/http-server/.cache.json
359 verbose afterAdd /home/algotrader/.npm/cookie-parser/1.4.3/package/package.json written
360 verbose afterAdd /home/algotrader/.npm/path/0.12.7/package/package.json written
361 verbose afterAdd /home/algotrader/.npm/serve-favicon/2.3.0/package/package.json written
362 verbose afterAdd /home/algotrader/.npm/debug/2.3.2/package/package.json written
363 verbose afterAdd /home/algotrader/.npm/morgan/1.7.0/package/package.json written
364 verbose afterAdd /home/algotrader/.npm/node-yaml-config/0.0.4/package/package.json written
365 http 304 https://registry.npmjs.org/fs
366 verbose headers { date: 'Mon, 14 Nov 2016 19:45:23 GMT',
366 verbose headers   via: '1.1 varnish',
366 verbose headers   'cache-control': 'max-age=300',
366 verbose headers   etag: 'W/"57bc8e90-d4a"',
366 verbose headers   age: '58',
366 verbose headers   connection: 'keep-alive',
366 verbose headers   'x-served-by': 'cache-bos8222-BOS',
366 verbose headers   'x-cache': 'HIT',
366 verbose headers   'x-cache-hits': '1',
366 verbose headers   'x-timer': 'S1479152723.209595,VS0,VE0',
366 verbose headers   vary: 'Accept-Encoding' }
367 silly get cb [ 304,
367 silly get   { date: 'Mon, 14 Nov 2016 19:45:23 GMT',
367 silly get     via: '1.1 varnish',
367 silly get     'cache-control': 'max-age=300',
367 silly get     etag: 'W/"57bc8e90-d4a"',
367 silly get     age: '58',
367 silly get     connection: 'keep-alive',
367 silly get     'x-served-by': 'cache-bos8222-BOS',
367 silly get     'x-cache': 'HIT',
367 silly get     'x-cache-hits': '1',
367 silly get     'x-timer': 'S1479152723.209595,VS0,VE0',
367 silly get     vary: 'Accept-Encoding' } ]
368 verbose etag https://registry.npmjs.org/fs from cache
369 verbose get saving fs to /home/algotrader/.npm/registry.npmjs.org/fs/.cache.json
370 verbose afterAdd /home/algotrader/.npm/multer/0.1.8/package/package.json written
371 verbose afterAdd /home/algotrader/.npm/body-parser/1.15.2/package/package.json written
372 silly resolveWithNewModule http-server@0.9.0 checking installable status
373 silly cache add args [ 'http-server@0.x', null ]
374 verbose cache add spec http-server@0.x
375 silly cache add parsed spec Result {
375 silly cache add   raw: 'http-server@0.x',
375 silly cache add   scope: null,
375 silly cache add   name: 'http-server',
375 silly cache add   rawSpec: '0.x',
375 silly cache add   spec: '>=0.0.0 <1.0.0',
375 silly cache add   type: 'range' }
376 silly addNamed http-server@>=0.0.0 <1.0.0
377 verbose addNamed ">=0.0.0 <1.0.0" is a valid semver range for http-server
378 silly addNameRange { name: 'http-server', range: '>=0.0.0 <1.0.0', hasData: false }
379 silly mapToRegistry name http-server
380 silly mapToRegistry using default registry
381 silly mapToRegistry registry https://registry.npmjs.org/
382 silly mapToRegistry uri https://registry.npmjs.org/http-server
383 verbose addNameRange registry:https://registry.npmjs.org/http-server not in flight; fetching
384 silly resolveWithNewModule jade@1.11.0 checking installable status
385 silly cache add args [ 'jade@1.11.0', null ]
386 verbose cache add spec jade@1.11.0
387 silly cache add parsed spec Result {
387 silly cache add   raw: 'jade@1.11.0',
387 silly cache add   scope: null,
387 silly cache add   name: 'jade',
387 silly cache add   rawSpec: '1.11.0',
387 silly cache add   spec: '1.11.0',
387 silly cache add   type: 'version' }
388 silly addNamed jade@1.11.0
389 verbose addNamed "1.11.0" is a plain semver version for jade
390 silly mapToRegistry name jade
391 silly mapToRegistry using default registry
392 silly mapToRegistry registry https://registry.npmjs.org/
393 silly mapToRegistry uri https://registry.npmjs.org/jade
394 verbose addNameVersion registry:https://registry.npmjs.org/jade not in flight; fetching
395 silly resolveWithNewModule express@4.14.0 checking installable status
396 silly cache add args [ 'express@4.x', null ]
397 verbose cache add spec express@4.x
398 silly cache add parsed spec Result {
398 silly cache add   raw: 'express@4.x',
398 silly cache add   scope: null,
398 silly cache add   name: 'express',
398 silly cache add   rawSpec: '4.x',
398 silly cache add   spec: '>=4.0.0 <5.0.0',
398 silly cache add   type: 'range' }
399 silly addNamed express@>=4.0.0 <5.0.0
400 verbose addNamed ">=4.0.0 <5.0.0" is a valid semver range for express
401 silly addNameRange { name: 'express', range: '>=4.0.0 <5.0.0', hasData: false }
402 silly mapToRegistry name express
403 silly mapToRegistry using default registry
404 silly mapToRegistry registry https://registry.npmjs.org/
405 silly mapToRegistry uri https://registry.npmjs.org/express
406 verbose addNameRange registry:https://registry.npmjs.org/express not in flight; fetching
407 silly resolveWithNewModule fs@0.0.0 checking installable status
408 silly cache add args [ 'fs@0.x', null ]
409 verbose cache add spec fs@0.x
410 silly cache add parsed spec Result {
410 silly cache add   raw: 'fs@0.x',
410 silly cache add   scope: null,
410 silly cache add   name: 'fs',
410 silly cache add   rawSpec: '0.x',
410 silly cache add   spec: '>=0.0.0 <1.0.0',
410 silly cache add   type: 'range' }
411 silly addNamed fs@>=0.0.0 <1.0.0
412 verbose addNamed ">=0.0.0 <1.0.0" is a valid semver range for fs
413 silly addNameRange { name: 'fs', range: '>=0.0.0 <1.0.0', hasData: false }
414 silly mapToRegistry name fs
415 silly mapToRegistry using default registry
416 silly mapToRegistry registry https://registry.npmjs.org/
417 silly mapToRegistry uri https://registry.npmjs.org/fs
418 verbose addNameRange registry:https://registry.npmjs.org/fs not in flight; fetching
419 verbose get https://registry.npmjs.org/http-server not expired, no request
420 silly addNameRange number 2 { name: 'http-server', range: '>=0.0.0 <1.0.0', hasData: true }
421 silly addNameRange versions [ 'http-server',
421 silly addNameRange   [ '0.1.0',
421 silly addNameRange     '0.1.1',
421 silly addNameRange     '0.1.3',
421 silly addNameRange     '0.2.1',
421 silly addNameRange     '0.2.2',
421 silly addNameRange     '0.2.3',
421 silly addNameRange     '0.2.4',
421 silly addNameRange     '0.2.5',
421 silly addNameRange     '0.2.6',
421 silly addNameRange     '0.2.9',
421 silly addNameRange     '0.3.0',
421 silly addNameRange     '0.4.0',
421 silly addNameRange     '0.4.1',
421 silly addNameRange     '0.5.0',
421 silly addNameRange     '0.5.1',
421 silly addNameRange     '0.5.2',
421 silly addNameRange     '0.5.3',
421 silly addNameRange     '0.5.5',
421 silly addNameRange     '0.6.0',
421 silly addNameRange     '0.6.1',
421 silly addNameRange     '0.7.0',
421 silly addNameRange     '0.7.1',
421 silly addNameRange     '0.7.2',
421 silly addNameRange     '0.7.3',
421 silly addNameRange     '0.7.4',
421 silly addNameRange     '0.7.5',
421 silly addNameRange     '0.8.0',
421 silly addNameRange     '0.8.1',
421 silly addNameRange     '0.8.2',
421 silly addNameRange     '0.8.3',
421 silly addNameRange     '0.8.4',
421 silly addNameRange     '0.8.5',
421 silly addNameRange     '0.9.0' ] ]
422 silly addNamed http-server@0.9.0
423 verbose addNamed "0.9.0" is a plain semver version for http-server
424 verbose get https://registry.npmjs.org/jade not expired, no request
425 warn deprecated jade@1.11.0: Jade has been renamed to pug, please install the latest version of pug instead of jade
426 verbose get https://registry.npmjs.org/express not expired, no request
427 silly addNameRange number 2 { name: 'express', range: '>=4.0.0 <5.0.0', hasData: true }
428 silly addNameRange versions [ 'express',
428 silly addNameRange   [ '0.14.0',
428 silly addNameRange     '0.14.1',
428 silly addNameRange     '1.0.0',
428 silly addNameRange     '1.0.1',
428 silly addNameRange     '1.0.2',
428 silly addNameRange     '1.0.3',
428 silly addNameRange     '1.0.4',
428 silly addNameRange     '1.0.5',
428 silly addNameRange     '1.0.6',
428 silly addNameRange     '1.0.7',
428 silly addNameRange     '1.0.8',
428 silly addNameRange     '2.0.0',
428 silly addNameRange     '2.1.0',
428 silly addNameRange     '2.1.1',
428 silly addNameRange     '2.2.0',
428 silly addNameRange     '2.2.1',
428 silly addNameRange     '2.2.2',
428 silly addNameRange     '2.3.0',
428 silly addNameRange     '2.3.1',
428 silly addNameRange     '2.3.2',
428 silly addNameRange     '2.3.3',
428 silly addNameRange     '2.3.4',
428 silly addNameRange     '2.3.5',
428 silly addNameRange     '2.3.6',
428 silly addNameRange     '2.3.7',
428 silly addNameRange     '2.3.8',
428 silly addNameRange     '2.3.9',
428 silly addNameRange     '2.3.10',
428 silly addNameRange     '2.3.11',
428 silly addNameRange     '2.3.12',
428 silly addNameRange     '2.4.0',
428 silly addNameRange     '2.4.1',
428 silly addNameRange     '2.4.2',
428 silly addNameRange     '2.4.3',
428 silly addNameRange     '2.4.4',
428 silly addNameRange     '2.4.5',
428 silly addNameRange     '2.4.6',
428 silly addNameRange     '2.4.7',
428 silly addNameRange     '2.5.0',
428 silly addNameRange     '2.5.1',
428 silly addNameRange     '2.5.2',
428 silly addNameRange     '2.5.3',
428 silly addNameRange     '2.5.4',
428 silly addNameRange     '2.5.5',
428 silly addNameRange     '2.5.6',
428 silly addNameRange     '2.5.7',
428 silly addNameRange     '2.5.8',
428 silly addNameRange     '2.5.9',
428 silly addNameRange     '2.5.10',
428 silly addNameRange     '2.5.11',
428 silly addNameRange     '3.0.0',
428 silly addNameRange     '3.0.1',
428 silly addNameRange     '3.0.2',
428 silly addNameRange     '3.0.3',
428 silly addNameRange     '3.0.4',
428 silly addNameRange     '3.0.5',
428 silly addNameRange     '3.0.6',
428 silly addNameRange     '3.1.0',
428 silly addNameRange     '3.1.1',
428 silly addNameRange     '3.1.2',
428 silly addNameRange     '3.2.0',
428 silly addNameRange     '3.2.1',
428 silly addNameRange     '3.2.2',
428 silly addNameRange     '3.2.3',
428 silly addNameRange     '3.2.4',
428 silly addNameRange     '3.2.5',
428 silly addNameRange     '3.2.6',
428 silly addNameRange     '3.3.0',
428 silly addNameRange     '3.3.1',
428 silly addNameRange     '3.3.2',
428 silly addNameRange     '3.3.3',
428 silly addNameRange     '3.3.4',
428 silly addNameRange     '3.3.5',
428 silly addNameRange     '3.3.6',
428 silly addNameRange     '1.0.0-beta',
428 silly addNameRange     '1.0.0-beta2',
428 silly addNameRange     '1.0.0-rc',
428 silly addNameRange     '1.0.0-rc2',
428 silly addNameRange     '1.0.0-rc3',
428 silly addNameRange     '1.0.0-rc4',
428 silly addNameRange     '2.0.0-beta',
428 silly addNameRange     '2.0.0-beta2',
428 silly addNameRange     '2.0.0-beta3',
428 silly addNameRange     '2.0.0-rc',
428 silly addNameRange     '2.0.0-rc2',
428 silly addNameRange     '2.0.0-rc3',
428 silly addNameRange     '3.0.0-alpha1',
428 silly addNameRange     '3.0.0-alpha2',
428 silly addNameRange     '3.0.0-alpha3',
428 silly addNameRange     '3.0.0-alpha4',
428 silly addNameRange     '3.0.0-alpha5',
428 silly addNameRange     '3.0.0-beta1',
428 silly addNameRange     '3.0.0-beta2',
428 silly addNameRange     '3.0.0-beta3',
428 silly addNameRange     '3.0.0-beta4',
428 silly addNameRange     '3.0.0-beta6',
428 silly addNameRange     '3.0.0-beta7',
428 silly addNameRange     '3.0.0-rc1',
428 silly addNameRange     '3.0.0-rc2',
428 silly addNameRange     '3.0.0-rc3',
428 silly addNameRange     '3.0.0-rc4',
428 silly addNameRange     '3.0.0-rc5',
428 silly addNameRange     '3.3.7',
428 silly addNameRange     '3.3.8',
428 silly addNameRange     '3.4.0',
428 silly addNameRange     '3.4.1',
428 silly addNameRange     '3.4.2',
428 silly addNameRange     '3.4.3',
428 silly addNameRange     '3.4.4',
428 silly addNameRange     '3.4.5',
428 silly addNameRange     '3.4.6',
428 silly addNameRange     '3.4.7',
428 silly addNameRange     '3.4.8',
428 silly addNameRange     '4.0.0-rc1',
428 silly addNameRange     '4.0.0-rc2',
428 silly addNameRange     '3.5.0',
428 silly addNameRange     '4.0.0-rc3',
428 silly addNameRange     '4.0.0-rc4',
428 silly addNameRange     '3.5.1',
428 silly addNameRange     '4.0.0',
428 silly addNameRange     '3.5.2',
428 silly addNameRange     '4.1.0',
428 silly addNameRange     '4.1.1',
428 silly addNameRange     '3.5.3',
428 silly addNameRange     '4.1.2',
428 silly addNameRange     '3.6.0',
428 silly addNameRange     '4.2.0',
428 silly addNameRange     '3.7.0',
428 silly addNameRange     '3.8.0',
428 silly addNameRange     '4.3.0',
428 silly addNameRange     '4.3.1',
428 silly addNameRange     '3.8.1',
428 silly addNameRange     '4.3.2',
428 silly addNameRange     '3.9.0',
428 silly addNameRange     '4.4.0',
428 silly addNameRange     '4.4.1',
428 silly addNameRange     '3.10.0',
428 silly addNameRange     '3.10.1',
428 silly addNameRange     '3.10.2',
428 silly addNameRange     '3.10.3',
428 silly addNameRange     '3.10.4',
428 silly addNameRange     '4.4.2',
428 silly addNameRange     '3.10.5',
428 silly addNameRange     '4.4.3',
428 silly addNameRange     '3.11.0',
428 silly addNameRange     '4.4.4',
428 silly addNameRange     '3.12.0',
428 silly addNameRange     '3.12.1',
428 silly addNameRange     '4.4.5',
428 silly addNameRange     '3.13.0',
428 silly addNameRange     '4.5.0',
428 silly addNameRange     '4.5.1',
428 silly addNameRange     '3.14.0',
428 silly addNameRange     '4.6.0',
428 silly addNameRange     '4.6.1',
428 silly addNameRange     '3.15.0',
428 silly addNameRange     '4.7.0',
428 silly addNameRange     '3.15.1',
428 silly addNameRange     '4.7.1',
428 silly addNameRange     '3.15.2',
428 silly addNameRange     '4.7.2',
428 silly addNameRange     '4.7.3',
428 silly addNameRange     '3.15.3',
428 silly addNameRange     '4.7.4',
428 silly addNameRange     '3.16.0',
428 silly addNameRange     '4.8.0',
428 silly addNameRange     '3.16.1',
428 silly addNameRange     '4.8.1',
428 silly addNameRange     '3.16.2',
428 silly addNameRange     '4.8.2',
428 silly addNameRange     '3.16.3',
428 silly addNameRange     '3.16.4',
428 silly addNameRange     '4.8.3',
428 silly addNameRange     '3.16.5',
428 silly addNameRange     '3.16.6',
428 silly addNameRange     '4.8.4',
428 silly addNameRange     '3.16.7',
428 silly addNameRange     '4.8.5',
428 silly addNameRange     '3.16.8',
428 silly addNameRange     '4.8.6',
428 silly addNameRange     '3.16.9',
428 silly addNameRange     '4.8.7',
428 silly addNameRange     '3.16.10',
428 silly addNameRange     '4.8.8',
428 silly addNameRange     '3.17.0',
428 silly addNameRange     '3.17.1',
428 silly addNameRange     '4.9.0',
428 silly addNameRange     '3.17.2',
428 silly addNameRange     '4.9.1',
428 silly addNameRange     '4.9.2',
428 silly addNameRange     '3.17.3',
428 silly addNameRange     '4.9.3',
428 silly addNameRange     '3.17.4',
428 silly addNameRange     '4.9.4',
428 silly addNameRange     '3.17.5',
428 silly addNameRange     '4.9.5',
428 silly addNameRange     '3.17.6',
428 silly addNameRange     '3.17.7',
428 silly addNameRange     '4.9.6',
428 silly addNameRange     '4.9.7',
428 silly addNameRange     '3.17.8',
428 silly addNameRange     '4.9.8',
428 silly addNameRange     '3.18.0',
428 silly addNameRange     '3.18.1',
428 silly addNameRange     '4.10.0',
428 silly addNameRange     '3.18.2',
428 silly addNameRange     '4.10.1',
428 silly addNameRange     '5.0.0-alpha.1',
428 silly addNameRange     '3.18.3',
428 silly addNameRange     '4.10.2',
428 silly addNameRange     '3.18.4',
428 silly addNameRange     '4.10.3',
428 silly addNameRange     '4.10.4',
428 silly addNameRange     '4.10.5',
428 silly addNameRange     '3.18.5',
428 silly addNameRange     '3.18.6',
428 silly addNameRange     '4.10.6',
428 silly addNameRange     '4.10.7',
428 silly addNameRange     '3.19.0',
428 silly addNameRange     '4.10.8',
428 silly addNameRange     '4.11.0',
428 silly addNameRange     '3.19.1',
428 silly addNameRange     '4.11.1',
428 silly addNameRange     '3.19.2',
428 silly addNameRange     '4.11.2',
428 silly addNameRange     '3.20.0',
428 silly addNameRange     '4.12.0',
428 silly addNameRange     '3.20.1',
428 silly addNameRange     '4.12.1',
428 silly addNameRange     '4.12.2',
428 silly addNameRange     '3.20.2',
428 silly addNameRange     '4.12.3',
428 silly addNameRange     '3.20.3',
428 silly addNameRange     '4.12.4',
428 silly addNameRange     '3.21.0',
428 silly addNameRange     '4.13.0',
428 silly addNameRange     '3.21.1',
428 silly addNameRange     '4.13.1',
428 silly addNameRange     '5.0.0-alpha.2',
428 silly addNameRange     '3.21.2',
428 silly addNameRange     '4.13.2',
428 silly addNameRange     '4.13.3',
428 silly addNameRange     '4.13.4',
428 silly addNameRange     '4.14.0' ] ]
429 silly addNamed express@4.14.0
430 verbose addNamed "4.14.0" is a plain semver version for express
431 verbose get https://registry.npmjs.org/fs not expired, no request
432 silly addNameRange number 2 { name: 'fs', range: '>=0.0.0 <1.0.0', hasData: true }
433 silly addNameRange versions [ 'fs', [ '0.0.1-security', '0.0.0', '0.0.2' ] ]
434 silly addNamed fs@0.0.2
435 verbose addNamed "0.0.2" is a plain semver version for fs
436 silly cache afterAdd express@4.14.0
437 verbose afterAdd /home/algotrader/.npm/express/4.14.0/package/package.json not in flight; writing
438 silly cache afterAdd http-server@0.9.0
439 verbose afterAdd /home/algotrader/.npm/http-server/0.9.0/package/package.json not in flight; writing
440 silly cache afterAdd jade@1.11.0
441 verbose afterAdd /home/algotrader/.npm/jade/1.11.0/package/package.json not in flight; writing
442 silly cache afterAdd fs@0.0.2
443 verbose afterAdd /home/algotrader/.npm/fs/0.0.2/package/package.json not in flight; writing
444 verbose afterAdd /home/algotrader/.npm/express/4.14.0/package/package.json written
445 verbose afterAdd /home/algotrader/.npm/jade/1.11.0/package/package.json written
446 verbose afterAdd /home/algotrader/.npm/http-server/0.9.0/package/package.json written
447 verbose afterAdd /home/algotrader/.npm/fs/0.0.2/package/package.json written
448 silly rollbackFailedOptional Starting
449 silly rollbackFailedOptional Finishing
450 silly runTopLevelLifecycles Starting
451 silly runTopLevelLifecycles Finishing
452 silly install printInstalled
453 verbose stack Error: Error extracting /home/algotrader/.npm/fs/0.0.0/package.tgz archive: ENOENT: no such file or directory, open '/home/algotrader/.npm/fs/0.0.0/package.tgz'
453 verbose stack     at ReadStream.<anonymous> (/usr/share/npm/lib/fetch-package-metadata.js:286:10)
453 verbose stack     at emitOne (events.js:77:13)
453 verbose stack     at ReadStream.emit (events.js:169:7)
453 verbose stack     at /usr/share/npm/node_modules/graceful-fs/graceful-fs.js:179:14
453 verbose stack     at /usr/share/npm/node_modules/graceful-fs/graceful-fs.js:230:16
453 verbose stack     at FSReqWrap.oncomplete (fs.js:82:15)
454 verbose cwd /home/algotrader/coursesapi
455 error Linux 4.8.0-26-generic
456 error argv "/usr/bin/nodejs" "/usr/bin/npm" "install"
457 error node v4.2.6
458 error npm  v3.5.2
459 error code EREADFILE
460 error Error extracting /home/algotrader/.npm/fs/0.0.0/package.tgz archive: ENOENT: no such file or directory, open '/home/algotrader/.npm/fs/0.0.0/package.tgz'
461 error If you need help, you may report this error at:
461 error     <https://github.com/npm/npm/issues>
462 verbose exit [ 1, true ]
